<?xml version="1.0" encoding="UTF-8"?>
<!-- Generated by org.testng.reporters.JUnitXMLReporter -->
<testsuite ignored="0" hostname="DESKTOP-ML248P1" failures="3" tests="8" name="Rest API regression Test" time="14.516" errors="0" timestamp="15 Jan 2023 21:52:11 GMT">
  <testcase classname="com.qa.api.gorest.tests.CreateUserTest" name="createUserAPIPOSTTest" time="4.249">
    <failure type="java.lang.AssertionError" message="expected [201] but found [422]">
      <![CDATA[java.lang.AssertionError: expected [201] but found [422]
at com.qa.api.gorest.tests.CreateUserTest.createUserAPIPOSTTest(CreateUserTest.java:39)
at java.base/java.util.concurrent.ThreadPoolExecutor.runWorker(ThreadPoolExecutor.java:1128)
at java.base/java.util.concurrent.ThreadPoolExecutor$Worker.run(ThreadPoolExecutor.java:628)
at java.base/java.lang.Thread.run(Thread.java:834)
... Removed 16 stack frames]]>
    </failure>
  </testcase> <!-- createUserAPIPOSTTest -->
  <testcase classname="com.qa.api.gorest.tests.CreateUserTest" name="createUserAPIPOSTTest" time="1.079">
    <failure type="java.lang.AssertionError" message="expected [201] but found [422]">
      <![CDATA[java.lang.AssertionError: expected [201] but found [422]
at com.qa.api.gorest.tests.CreateUserTest.createUserAPIPOSTTest(CreateUserTest.java:39)
at java.base/java.util.concurrent.ThreadPoolExecutor.runWorker(ThreadPoolExecutor.java:1128)
at java.base/java.util.concurrent.ThreadPoolExecutor$Worker.run(ThreadPoolExecutor.java:628)
at java.base/java.lang.Thread.run(Thread.java:834)
... Removed 16 stack frames]]>
    </failure>
  </testcase> <!-- createUserAPIPOSTTest -->
  <testcase classname="com.qa.api.gorest.tests.GetImgurApiTest" name="GetAccountBlockedStatusTest" time="1.532"/>
  <testcase classname="com.qa.api.gorest.tests.GetImgurApiTest" name="GetAccountImageTest" time="0.25"/>
  <testcase classname="com.qa.api.gorest.tests.CreateUserTest" name="createUserAPIPOSTTest" time="1.078">
    <failure type="java.lang.AssertionError" message="expected [201] but found [422]">
      <![CDATA[java.lang.AssertionError: expected [201] but found [422]
at com.qa.api.gorest.tests.CreateUserTest.createUserAPIPOSTTest(CreateUserTest.java:39)
at java.base/java.util.concurrent.ThreadPoolExecutor.runWorker(ThreadPoolExecutor.java:1128)
at java.base/java.util.concurrent.ThreadPoolExecutor$Worker.run(ThreadPoolExecutor.java:628)
at java.base/java.lang.Thread.run(Thread.java:834)
... Removed 16 stack frames]]>
    </failure>
  </testcase> <!-- createUserAPIPOSTTest -->
  <testcase classname="com.qa.api.gorest.tests.GetImgurApiTest" name="uploadImagePostAPITest" time="4.329"/>
  <testcase classname="com.qa.api.gorest.tests.GetUserTest" name="getAllUserListApiTest" time="1.064"/>
  <testcase classname="com.qa.api.gorest.tests.GetUserTest" name="getUserWithQueryParamApiTest" time="0.485"/>
</testsuite> <!-- Rest API regression Test -->
