<?xml version="1.0" encoding="UTF-8"?>
<testng-results ignored="0" total="8" passed="5" failed="3" skipped="0">
  <reporter-output>
  </reporter-output>
  <suite started-at="2023-01-15T21:51:57Z" name="Rest API Test Suite" finished-at="2023-01-15T21:52:11Z" duration-ms="14516">
    <groups>
    </groups>
    <test started-at="2023-01-15T21:51:57Z" name="Rest API regression Test" finished-at="2023-01-15T21:52:11Z" duration-ms="14516">
      <class name="com.qa.api.gorest.tests.CreateUserTest">
        <test-method signature="createUserAPIPOSTTest(java.lang.String, java.lang.String, java.lang.String, java.lang.String)[pri:0, instance:com.qa.api.gorest.tests.CreateUserTest@107bfcb2]" started-at="2023-01-15T21:51:59Z" name="createUserAPIPOSTTest" data-provider="getUserData" finished-at="2023-01-15T21:52:03Z" duration-ms="4249" status="FAIL">
          <params>
            <param index="0">
              <value>
                <![CDATA[RAJTt]]>
              </value>
            </param>
            <param index="1">
              <value>
                <![CDATA[PK@gmail.com]]>
              </value>
            </param>
            <param index="2">
              <value>
                <![CDATA[male]]>
              </value>
            </param>
            <param index="3">
              <value>
                <![CDATA[active]]>
              </value>
            </param>
          </params>
          <exception class="java.lang.AssertionError">
            <message>
              <![CDATA[expected [201] but found [422]]]>
            </message>
            <full-stacktrace>
              <![CDATA[java.lang.AssertionError: expected [201] but found [422]
at org.testng.Assert.fail(Assert.java:96)
at org.testng.Assert.failNotEquals(Assert.java:776)
at org.testng.Assert.assertEqualsImpl(Assert.java:137)
at org.testng.Assert.assertEquals(Assert.java:118)
at org.testng.Assert.assertEquals(Assert.java:652)
at org.testng.Assert.assertEquals(Assert.java:662)
at com.qa.api.gorest.tests.CreateUserTest.createUserAPIPOSTTest(CreateUserTest.java:39)
at java.base/jdk.internal.reflect.NativeMethodAccessorImpl.invoke0(Native Method)
at java.base/jdk.internal.reflect.NativeMethodAccessorImpl.invoke(NativeMethodAccessorImpl.java:62)
at java.base/jdk.internal.reflect.DelegatingMethodAccessorImpl.invoke(DelegatingMethodAccessorImpl.java:43)
at java.base/java.lang.reflect.Method.invoke(Method.java:566)
at org.testng.internal.MethodInvocationHelper.invokeMethod(MethodInvocationHelper.java:124)
at org.testng.internal.Invoker.invokeMethod(Invoker.java:583)
at org.testng.internal.Invoker.invokeTestMethod(Invoker.java:719)
at org.testng.internal.Invoker.invokeTestMethods(Invoker.java:989)
at org.testng.internal.TestMethodWorker.invokeTestMethods(TestMethodWorker.java:125)
at org.testng.internal.TestMethodWorker.run(TestMethodWorker.java:109)
at java.base/java.util.concurrent.ThreadPoolExecutor.runWorker(ThreadPoolExecutor.java:1128)
at java.base/java.util.concurrent.ThreadPoolExecutor$Worker.run(ThreadPoolExecutor.java:628)
at java.base/java.lang.Thread.run(Thread.java:834)
]]>
            </full-stacktrace>
          </exception> <!-- java.lang.AssertionError -->
          <reporter-output>
          </reporter-output>
        </test-method> <!-- createUserAPIPOSTTest -->
        <test-method signature="createUserAPIPOSTTest(java.lang.String, java.lang.String, java.lang.String, java.lang.String)[pri:0, instance:com.qa.api.gorest.tests.CreateUserTest@107bfcb2]" started-at="2023-01-15T21:52:04Z" name="createUserAPIPOSTTest" data-provider="getUserData" finished-at="2023-01-15T21:52:05Z" duration-ms="1079" status="FAIL">
          <params>
            <param index="0">
              <value>
                <![CDATA[KAMALt]]>
              </value>
            </param>
            <param index="1">
              <value>
                <![CDATA[PR@gmail.com]]>
              </value>
            </param>
            <param index="2">
              <value>
                <![CDATA[female]]>
              </value>
            </param>
            <param index="3">
              <value>
                <![CDATA[active]]>
              </value>
            </param>
          </params>
          <exception class="java.lang.AssertionError">
            <message>
              <![CDATA[expected [201] but found [422]]]>
            </message>
            <full-stacktrace>
              <![CDATA[java.lang.AssertionError: expected [201] but found [422]
at org.testng.Assert.fail(Assert.java:96)
at org.testng.Assert.failNotEquals(Assert.java:776)
at org.testng.Assert.assertEqualsImpl(Assert.java:137)
at org.testng.Assert.assertEquals(Assert.java:118)
at org.testng.Assert.assertEquals(Assert.java:652)
at org.testng.Assert.assertEquals(Assert.java:662)
at com.qa.api.gorest.tests.CreateUserTest.createUserAPIPOSTTest(CreateUserTest.java:39)
at java.base/jdk.internal.reflect.NativeMethodAccessorImpl.invoke0(Native Method)
at java.base/jdk.internal.reflect.NativeMethodAccessorImpl.invoke(NativeMethodAccessorImpl.java:62)
at java.base/jdk.internal.reflect.DelegatingMethodAccessorImpl.invoke(DelegatingMethodAccessorImpl.java:43)
at java.base/java.lang.reflect.Method.invoke(Method.java:566)
at org.testng.internal.MethodInvocationHelper.invokeMethod(MethodInvocationHelper.java:124)
at org.testng.internal.Invoker.invokeMethod(Invoker.java:583)
at org.testng.internal.Invoker.invokeTestMethod(Invoker.java:719)
at org.testng.internal.Invoker.invokeTestMethods(Invoker.java:989)
at org.testng.internal.TestMethodWorker.invokeTestMethods(TestMethodWorker.java:125)
at org.testng.internal.TestMethodWorker.run(TestMethodWorker.java:109)
at java.base/java.util.concurrent.ThreadPoolExecutor.runWorker(ThreadPoolExecutor.java:1128)
at java.base/java.util.concurrent.ThreadPoolExecutor$Worker.run(ThreadPoolExecutor.java:628)
at java.base/java.lang.Thread.run(Thread.java:834)
]]>
            </full-stacktrace>
          </exception> <!-- java.lang.AssertionError -->
          <reporter-output>
          </reporter-output>
        </test-method> <!-- createUserAPIPOSTTest -->
        <test-method signature="createUserAPIPOSTTest(java.lang.String, java.lang.String, java.lang.String, java.lang.String)[pri:0, instance:com.qa.api.gorest.tests.CreateUserTest@107bfcb2]" started-at="2023-01-15T21:52:05Z" name="createUserAPIPOSTTest" data-provider="getUserData" finished-at="2023-01-15T21:52:06Z" duration-ms="1078" status="FAIL">
          <params>
            <param index="0">
              <value>
                <![CDATA[KAMALyy]]>
              </value>
            </param>
            <param index="1">
              <value>
                <![CDATA[PR55@gmail.com]]>
              </value>
            </param>
            <param index="2">
              <value>
                <![CDATA[female]]>
              </value>
            </param>
            <param index="3">
              <value>
                <![CDATA[active]]>
              </value>
            </param>
          </params>
          <exception class="java.lang.AssertionError">
            <message>
              <![CDATA[expected [201] but found [422]]]>
            </message>
            <full-stacktrace>
              <![CDATA[java.lang.AssertionError: expected [201] but found [422]
at org.testng.Assert.fail(Assert.java:96)
at org.testng.Assert.failNotEquals(Assert.java:776)
at org.testng.Assert.assertEqualsImpl(Assert.java:137)
at org.testng.Assert.assertEquals(Assert.java:118)
at org.testng.Assert.assertEquals(Assert.java:652)
at org.testng.Assert.assertEquals(Assert.java:662)
at com.qa.api.gorest.tests.CreateUserTest.createUserAPIPOSTTest(CreateUserTest.java:39)
at java.base/jdk.internal.reflect.NativeMethodAccessorImpl.invoke0(Native Method)
at java.base/jdk.internal.reflect.NativeMethodAccessorImpl.invoke(NativeMethodAccessorImpl.java:62)
at java.base/jdk.internal.reflect.DelegatingMethodAccessorImpl.invoke(DelegatingMethodAccessorImpl.java:43)
at java.base/java.lang.reflect.Method.invoke(Method.java:566)
at org.testng.internal.MethodInvocationHelper.invokeMethod(MethodInvocationHelper.java:124)
at org.testng.internal.Invoker.invokeMethod(Invoker.java:583)
at org.testng.internal.Invoker.invokeTestMethod(Invoker.java:719)
at org.testng.internal.Invoker.invokeTestMethods(Invoker.java:989)
at org.testng.internal.TestMethodWorker.invokeTestMethods(TestMethodWorker.java:125)
at org.testng.internal.TestMethodWorker.run(TestMethodWorker.java:109)
at java.base/java.util.concurrent.ThreadPoolExecutor.runWorker(ThreadPoolExecutor.java:1128)
at java.base/java.util.concurrent.ThreadPoolExecutor$Worker.run(ThreadPoolExecutor.java:628)
at java.base/java.lang.Thread.run(Thread.java:834)
]]>
            </full-stacktrace>
          </exception> <!-- java.lang.AssertionError -->
          <reporter-output>
          </reporter-output>
        </test-method> <!-- createUserAPIPOSTTest -->
      </class> <!-- com.qa.api.gorest.tests.CreateUserTest -->
      <class name="com.qa.api.gorest.tests.GetImgurApiTest">
        <test-method is-config="true" signature="setup()[pri:0, instance:com.qa.api.gorest.tests.GetImgurApiTest@2ab26378]" started-at="2023-01-15T21:51:57Z" name="setup" finished-at="2023-01-15T21:52:03Z" duration-ms="6245" status="PASS">
          <reporter-output>
          </reporter-output>
        </test-method> <!-- setup -->
        <test-method signature="GetAccountBlockedStatusTest()[pri:0, instance:com.qa.api.gorest.tests.GetImgurApiTest@2ab26378]" started-at="2023-01-15T21:52:03Z" name="GetAccountBlockedStatusTest" finished-at="2023-01-15T21:52:05Z" duration-ms="1532" status="PASS">
          <reporter-output>
          </reporter-output>
        </test-method> <!-- GetAccountBlockedStatusTest -->
        <test-method is-config="true" signature="setup()[pri:0, instance:com.qa.api.gorest.tests.GetImgurApiTest@2ab26378]" started-at="2023-01-15T21:52:05Z" name="setup" finished-at="2023-01-15T21:52:05Z" duration-ms="157" status="PASS">
          <reporter-output>
          </reporter-output>
        </test-method> <!-- setup -->
        <test-method signature="GetAccountImageTest()[pri:0, instance:com.qa.api.gorest.tests.GetImgurApiTest@2ab26378]" started-at="2023-01-15T21:52:05Z" name="GetAccountImageTest" finished-at="2023-01-15T21:52:05Z" duration-ms="250" status="PASS">
          <reporter-output>
          </reporter-output>
        </test-method> <!-- GetAccountImageTest -->
        <test-method is-config="true" signature="setup()[pri:0, instance:com.qa.api.gorest.tests.GetImgurApiTest@2ab26378]" started-at="2023-01-15T21:52:05Z" name="setup" finished-at="2023-01-15T21:52:05Z" duration-ms="156" status="PASS">
          <reporter-output>
          </reporter-output>
        </test-method> <!-- setup -->
        <test-method signature="uploadImagePostAPITest()[pri:0, instance:com.qa.api.gorest.tests.GetImgurApiTest@2ab26378]" started-at="2023-01-15T21:52:05Z" name="uploadImagePostAPITest" finished-at="2023-01-15T21:52:10Z" duration-ms="4329" status="PASS">
          <reporter-output>
          </reporter-output>
        </test-method> <!-- uploadImagePostAPITest -->
      </class> <!-- com.qa.api.gorest.tests.GetImgurApiTest -->
      <class name="com.qa.api.gorest.tests.GetUserTest">
        <test-method signature="getAllUserListApiTest()[pri:1, instance:com.qa.api.gorest.tests.GetUserTest@7bac686b]" started-at="2023-01-15T21:52:10Z" name="getAllUserListApiTest" finished-at="2023-01-15T21:52:11Z" duration-ms="1064" status="PASS">
          <reporter-output>
          </reporter-output>
        </test-method> <!-- getAllUserListApiTest -->
        <test-method signature="getUserWithQueryParamApiTest()[pri:2, instance:com.qa.api.gorest.tests.GetUserTest@7bac686b]" started-at="2023-01-15T21:52:11Z" name="getUserWithQueryParamApiTest" finished-at="2023-01-15T21:52:11Z" duration-ms="485" status="PASS">
          <reporter-output>
          </reporter-output>
        </test-method> <!-- getUserWithQueryParamApiTest -->
      </class> <!-- com.qa.api.gorest.tests.GetUserTest -->
    </test> <!-- Rest API regression Test -->
  </suite> <!-- Rest API Test Suite -->
</testng-results>
