<!DOCTYPE html PUBLIC "-//W3C//DTD XHTML 1.1//EN" "http://www.w3.org/TR/xhtml11/DTD/xhtml11.dtd">
<html xmlns="http://www.w3.org/1999/xhtml">
<head>
<meta http-equiv="content-type" content="text/html; charset=UTF-8"/>
<title>TestNG Report</title>
<style type="text/css">table {margin-bottom:10px;border-collapse:collapse;empty-cells:show}th,td {border:1px solid #009;padding:.25em .5em}th {vertical-align:bottom}td {vertical-align:top}table a {font-weight:bold}.stripe td {background-color: #E6EBF9}.num {text-align:right}.passedodd td {background-color: #3F3}.passedeven td {background-color: #0A0}.skippedodd td {background-color: #DDD}.skippedeven td {background-color: #CCC}.failedodd td,.attn {background-color: #F33}.failedeven td,.stripe .attn {background-color: #D00}.stacktrace {white-space:pre;font-family:monospace}.totop {font-size:85%;text-align:center;border-bottom:2px solid #000}.invisible {display:none}</style>
</head>
<body>
<table>
<tr><th>Test</th><th># Passed</th><th># Skipped</th><th># Failed</th><th>Time (ms)</th><th>Included Groups</th><th>Excluded Groups</th></tr>
<tr><th colspan="7">Rest API Test Suite</th></tr>
<tr><td><a href="#t0">Rest API regression Test</a></td><td class="num">5</td><td class="num">0</td><td class="num attn">3</td><td class="num">15,714</td><td></td><td></td></tr>
</table>
<table id='summary'><thead><tr><th>Class</th><th>Method</th><th>Start</th><th>Time (ms)</th></tr></thead><tbody><tr><th colspan="4">Rest API Test Suite</th></tr></tbody><tbody id="t0"><tr><th colspan="4">Rest API regression Test &#8212; failed</th></tr><tr class="failedeven"><td rowspan="3">com.qa.api.gorest.tests.CreateUserTest</td><td><a href="#m0">createUserAPIPOSTTest</a></td><td rowspan="3">1673818671178</td><td rowspan="3">1042</td></tr><tr class="failedeven"><td><a href="#m1">createUserAPIPOSTTest</a></td></tr><tr class="failedeven"><td><a href="#m2">createUserAPIPOSTTest</a></td></tr><tr><th colspan="4">Rest API regression Test &#8212; passed</th></tr><tr class="passedeven"><td rowspan="3">com.qa.api.gorest.tests.GetImgurApiTest</td><td><a href="#m3">GetAccountBlockedStatusTest</a></td><td rowspan="1">1673818669822</td><td rowspan="1">1843</td></tr><tr class="passedeven"><td><a href="#m4">GetAccountImageTest</a></td><td rowspan="1">1673818671848</td><td rowspan="1">332</td></tr><tr class="passedeven"><td><a href="#m5">uploadImagePostAPITest</a></td><td rowspan="1">1673818672409</td><td rowspan="1">4363</td></tr><tr class="passedodd"><td rowspan="2">com.qa.api.gorest.tests.GetUserTest</td><td><a href="#m6">getAllUserListApiTest</a></td><td rowspan="1">1673818676776</td><td rowspan="1">991</td></tr><tr class="passedodd"><td><a href="#m7">getUserWithQueryParamApiTest</a></td><td rowspan="1">1673818677778</td><td rowspan="1">985</td></tr></tbody>
</table>
<h2>Rest API regression Test</h2><h3 id="m0">com.qa.api.gorest.tests.CreateUserTest#createUserAPIPOSTTest</h3><table class="result"><tr class="param"><th>Parameter #1</th><th>Parameter #2</th><th>Parameter #3</th><th>Parameter #4</th></tr><tr class="param stripe"><td>KAMALyy</td><td>PR55@gmail.com</td><td>female</td><td>active</td></tr><tr><th colspan="4">Exception</th></tr><tr><td colspan="4"><div class="stacktrace">java.lang.AssertionError: expected [201] but found [422]
	at com.qa.api.gorest.tests.CreateUserTest.createUserAPIPOSTTest(CreateUserTest.java:39)
	at java.base/java.util.concurrent.ThreadPoolExecutor.runWorker(ThreadPoolExecutor.java:1128)
	at java.base/java.util.concurrent.ThreadPoolExecutor$Worker.run(ThreadPoolExecutor.java:628)
	at java.base/java.lang.Thread.run(Thread.java:834)
... Removed 16 stack frames</div></td></tr></table><p class="totop"><a href="#summary">back to summary</a></p>
<h3 id="m1">com.qa.api.gorest.tests.CreateUserTest#createUserAPIPOSTTest</h3><table class="result"><tr class="param"><th>Parameter #1</th><th>Parameter #2</th><th>Parameter #3</th><th>Parameter #4</th></tr><tr class="param stripe"><td>RAJTt</td><td>PK@gmail.com</td><td>male</td><td>active</td></tr><tr><th colspan="4">Exception</th></tr><tr><td colspan="4"><div class="stacktrace">java.lang.AssertionError: expected [201] but found [422]
	at com.qa.api.gorest.tests.CreateUserTest.createUserAPIPOSTTest(CreateUserTest.java:39)
	at java.base/java.util.concurrent.ThreadPoolExecutor.runWorker(ThreadPoolExecutor.java:1128)
	at java.base/java.util.concurrent.ThreadPoolExecutor$Worker.run(ThreadPoolExecutor.java:628)
	at java.base/java.lang.Thread.run(Thread.java:834)
... Removed 16 stack frames</div></td></tr></table><p class="totop"><a href="#summary">back to summary</a></p>
<h3 id="m2">com.qa.api.gorest.tests.CreateUserTest#createUserAPIPOSTTest</h3><table class="result"><tr class="param"><th>Parameter #1</th><th>Parameter #2</th><th>Parameter #3</th><th>Parameter #4</th></tr><tr class="param stripe"><td>KAMALt</td><td>PR@gmail.com</td><td>female</td><td>active</td></tr><tr><th colspan="4">Exception</th></tr><tr><td colspan="4"><div class="stacktrace">java.lang.AssertionError: expected [201] but found [422]
	at com.qa.api.gorest.tests.CreateUserTest.createUserAPIPOSTTest(CreateUserTest.java:39)
	at java.base/java.util.concurrent.ThreadPoolExecutor.runWorker(ThreadPoolExecutor.java:1128)
	at java.base/java.util.concurrent.ThreadPoolExecutor$Worker.run(ThreadPoolExecutor.java:628)
	at java.base/java.lang.Thread.run(Thread.java:834)
... Removed 16 stack frames</div></td></tr></table><p class="totop"><a href="#summary">back to summary</a></p>
<h3 id="m3">com.qa.api.gorest.tests.GetImgurApiTest#GetAccountBlockedStatusTest</h3><table class="result"><tr><th class="invisible"/></tr></table><p class="totop"><a href="#summary">back to summary</a></p>
<h3 id="m4">com.qa.api.gorest.tests.GetImgurApiTest#GetAccountImageTest</h3><table class="result"><tr><th class="invisible"/></tr></table><p class="totop"><a href="#summary">back to summary</a></p>
<h3 id="m5">com.qa.api.gorest.tests.GetImgurApiTest#uploadImagePostAPITest</h3><table class="result"><tr><th class="invisible"/></tr></table><p class="totop"><a href="#summary">back to summary</a></p>
<h3 id="m6">com.qa.api.gorest.tests.GetUserTest#getAllUserListApiTest</h3><table class="result"><tr><th class="invisible"/></tr></table><p class="totop"><a href="#summary">back to summary</a></p>
<h3 id="m7">com.qa.api.gorest.tests.GetUserTest#getUserWithQueryParamApiTest</h3><table class="result"><tr><th class="invisible"/></tr></table><p class="totop"><a href="#summary">back to summary</a></p>
</body>
</html>
